Compiling the C compiler identification source file "CMakeCCompilerId.c" failed.
Compiler: /Library/Developer/CommandLineTools/usr/bin/cc 
Build flags: 
Id flags:  

The output was:
1
ld: library not found for -lSystem
clang: error: linker command failed with exit code 1 (use -v to see invocation)


Compiling the CXX compiler identification source file "CMakeCXXCompilerId.cpp" failed.
Compiler: /Library/Developer/CommandLineTools/usr/bin/c++ 
Build flags: 
Id flags:  

The output was:
1
ld: library not found for -lc++
clang: error: linker command failed with exit code 1 (use -v to see invocation)


Compiling the C compiler identification source file "CMakeCCompilerId.c" failed.
Compiler: /Library/Developer/CommandLineTools/usr/bin/cc 
Build flags: 
Id flags:  

The output was:
1
ld: library not found for -lSystem
clang: error: linker command failed with exit code 1 (use -v to see invocation)


Detecting C compiler ABI info failed to compile with the following output:
Change Dir: /Users/yannbourdeau/src/litesql-src-0.3.18/CMakeFiles/CMakeTmp

Run Build Command(s):/usr/bin/make -f Makefile cmTC_dacfa/fast && /Library/Developer/CommandLineTools/usr/bin/make  -f CMakeFiles/cmTC_dacfa.dir/build.make CMakeFiles/cmTC_dacfa.dir/build
Building C object CMakeFiles/cmTC_dacfa.dir/CMakeCCompilerABI.c.o
/Library/Developer/CommandLineTools/usr/bin/cc   -v -Wl,-v -MD -MT CMakeFiles/cmTC_dacfa.dir/CMakeCCompilerABI.c.o -MF CMakeFiles/cmTC_dacfa.dir/CMakeCCompilerABI.c.o.d -o CMakeFiles/cmTC_dacfa.dir/CMakeCCompilerABI.c.o -c /usr/local/Cellar/cmake/3.20.2/share/cmake/Modules/CMakeCCompilerABI.c
Apple clang version 12.0.5 (clang-1205.0.22.9)
Target: x86_64-apple-darwin21.1.0
Thread model: posix
InstalledDir: /Library/Developer/CommandLineTools/usr/bin
clang: warning: -Wl,-v: 'linker' input unused [-Wunused-command-line-argument]
 "/Library/Developer/CommandLineTools/usr/bin/clang" -cc1 -triple x86_64-apple-macosx12.0.0 -Wdeprecated-objc-isa-usage -Werror=deprecated-objc-isa-usage -Werror=implicit-function-declaration -emit-obj -mrelax-all -disable-free -disable-llvm-verifier -discard-value-names -main-file-name CMakeCCompilerABI.c -mrelocation-model pic -pic-level 2 -mframe-pointer=all -fno-strict-return -fno-rounding-math -munwind-tables -fcompatibility-qualified-id-block-type-checking -fvisibility-inlines-hidden-static-local-var -target-cpu penryn -debugger-tuning=lldb -target-linker-version 650.9 -v -resource-dir /Library/Developer/CommandLineTools/usr/lib/clang/12.0.5 -dependency-file CMakeFiles/cmTC_dacfa.dir/CMakeCCompilerABI.c.o.d -skip-unused-modulemap-deps -MT CMakeFiles/cmTC_dacfa.dir/CMakeCCompilerABI.c.o -sys-header-deps -internal-isystem /usr/local/include -internal-isystem /Library/Developer/CommandLineTools/usr/lib/clang/12.0.5/include -internal-externc-isystem /usr/include -internal-externc-isystem /Library/Developer/CommandLineTools/usr/include -Wno-reorder-init-list -Wno-implicit-int-float-conversion -Wno-c99-designator -Wno-final-dtor-non-final-class -Wno-extra-semi-stmt -Wno-misleading-indentation -Wno-quoted-include-in-framework-header -Wno-implicit-fallthrough -Wno-enum-enum-conversion -Wno-enum-float-conversion -Wno-elaborated-enum-base -fdebug-compilation-dir /Users/yannbourdeau/src/litesql-src-0.3.18/CMakeFiles/CMakeTmp -ferror-limit 19 -stack-protector 1 -fstack-check -mdarwin-stkchk-strong-link -fblocks -fencode-extended-block-signature -fregister-global-dtors-with-atexit -fgnuc-version=4.2.1 -fmax-type-align=16 -fcommon -clang-vendor-feature=+disableNonDependentMemberExprInCurrentInstantiation -fno-odr-hash-protocols -mllvm -disable-aligned-alloc-awareness=1 -o CMakeFiles/cmTC_dacfa.dir/CMakeCCompilerABI.c.o -x c /usr/local/Cellar/cmake/3.20.2/share/cmake/Modules/CMakeCCompilerABI.c
clang -cc1 version 12.0.5 (clang-1205.0.22.9) default target x86_64-apple-darwin21.1.0
ignoring nonexistent directory "/usr/include"
#include "..." search starts here:
#include <...> search starts here:
 /usr/local/include
 /Library/Developer/CommandLineTools/usr/lib/clang/12.0.5/include
 /Library/Developer/CommandLineTools/usr/include
 /System/Library/Frameworks (framework directory)
 /Library/Frameworks (framework directory)
End of search list.
Linking C executable cmTC_dacfa
/usr/local/Cellar/cmake/3.20.2/bin/cmake -E cmake_link_script CMakeFiles/cmTC_dacfa.dir/link.txt --verbose=1
/Library/Developer/CommandLineTools/usr/bin/cc -Wl,-search_paths_first -Wl,-headerpad_max_install_names  -v -Wl,-v CMakeFiles/cmTC_dacfa.dir/CMakeCCompilerABI.c.o -o cmTC_dacfa 
Apple clang version 12.0.5 (clang-1205.0.22.9)
Target: x86_64-apple-darwin21.1.0
Thread model: posix
InstalledDir: /Library/Developer/CommandLineTools/usr/bin
 "/Library/Developer/CommandLineTools/usr/bin/ld" -demangle -lto_library /Library/Developer/CommandLineTools/usr/lib/libLTO.dylib -dynamic -arch x86_64 -platform_version macos 12.0.0 0.0.0 -o cmTC_dacfa -search_paths_first -headerpad_max_install_names -v CMakeFiles/cmTC_dacfa.dir/CMakeCCompilerABI.c.o -lSystem /Library/Developer/CommandLineTools/usr/lib/clang/12.0.5/lib/darwin/libclang_rt.osx.a
@(#)PROGRAM:ld  PROJECT:ld64-650.9
BUILD 00:19:30 Mar 17 2021
configured to support archs: armv6 armv7 armv7s arm64 arm64e arm64_32 i386 x86_64 x86_64h armv6m armv7k armv7m armv7em
Library search paths:
	/usr/lib
	/usr/local/lib
Framework search paths:
	/Library/Frameworks/
	/System/Library/Frameworks/
ld: library not found for -lSystem
clang: error: linker command failed with exit code 1 (use -v to see invocation)
make[1]: *** [cmTC_dacfa] Error 1
make: *** [cmTC_dacfa/fast] Error 2




Determining if the C compiler works failed with the following output:
Change Dir: /Users/yannbourdeau/src/litesql-src-0.3.18/CMakeFiles/CMakeTmp

Run Build Command(s):/usr/bin/make -f Makefile cmTC_b3967/fast && /Library/Developer/CommandLineTools/usr/bin/make  -f CMakeFiles/cmTC_b3967.dir/build.make CMakeFiles/cmTC_b3967.dir/build
Building C object CMakeFiles/cmTC_b3967.dir/testCCompiler.c.o
/Library/Developer/CommandLineTools/usr/bin/cc    -MD -MT CMakeFiles/cmTC_b3967.dir/testCCompiler.c.o -MF CMakeFiles/cmTC_b3967.dir/testCCompiler.c.o.d -o CMakeFiles/cmTC_b3967.dir/testCCompiler.c.o -c /Users/yannbourdeau/src/litesql-src-0.3.18/CMakeFiles/CMakeTmp/testCCompiler.c
Linking C executable cmTC_b3967
/usr/local/Cellar/cmake/3.20.2/bin/cmake -E cmake_link_script CMakeFiles/cmTC_b3967.dir/link.txt --verbose=1
/Library/Developer/CommandLineTools/usr/bin/cc -Wl,-search_paths_first -Wl,-headerpad_max_install_names CMakeFiles/cmTC_b3967.dir/testCCompiler.c.o -o cmTC_b3967 
ld: library not found for -lSystem
clang: error: linker command failed with exit code 1 (use -v to see invocation)
make[1]: *** [cmTC_b3967] Error 1
make: *** [cmTC_b3967/fast] Error 2



Compiling the C compiler identification source file "CMakeCCompilerId.c" failed.
Compiler: /Library/Developer/CommandLineTools/usr/bin/cc 
Build flags: 
Id flags:  

The output was:
1
ld: library not found for -lSystem
clang: error: linker command failed with exit code 1 (use -v to see invocation)


Detecting C compiler ABI info failed to compile with the following output:
Change Dir: /Users/yannbourdeau/src/litesql-src-0.3.18/CMakeFiles/CMakeTmp

Run Build Command(s):/usr/bin/make -f Makefile cmTC_c0da1/fast && /Library/Developer/CommandLineTools/usr/bin/make  -f CMakeFiles/cmTC_c0da1.dir/build.make CMakeFiles/cmTC_c0da1.dir/build
Building C object CMakeFiles/cmTC_c0da1.dir/CMakeCCompilerABI.c.o
/Library/Developer/CommandLineTools/usr/bin/cc   -v -Wl,-v -MD -MT CMakeFiles/cmTC_c0da1.dir/CMakeCCompilerABI.c.o -MF CMakeFiles/cmTC_c0da1.dir/CMakeCCompilerABI.c.o.d -o CMakeFiles/cmTC_c0da1.dir/CMakeCCompilerABI.c.o -c /usr/local/Cellar/cmake/3.20.2/share/cmake/Modules/CMakeCCompilerABI.c
Apple clang version 12.0.5 (clang-1205.0.22.9)
Target: x86_64-apple-darwin21.1.0
Thread model: posix
InstalledDir: /Library/Developer/CommandLineTools/usr/bin
clang: warning: -Wl,-v: 'linker' input unused [-Wunused-command-line-argument]
 "/Library/Developer/CommandLineTools/usr/bin/clang" -cc1 -triple x86_64-apple-macosx12.0.0 -Wdeprecated-objc-isa-usage -Werror=deprecated-objc-isa-usage -Werror=implicit-function-declaration -emit-obj -mrelax-all -disable-free -disable-llvm-verifier -discard-value-names -main-file-name CMakeCCompilerABI.c -mrelocation-model pic -pic-level 2 -mframe-pointer=all -fno-strict-return -fno-rounding-math -munwind-tables -fcompatibility-qualified-id-block-type-checking -fvisibility-inlines-hidden-static-local-var -target-cpu penryn -debugger-tuning=lldb -target-linker-version 650.9 -v -resource-dir /Library/Developer/CommandLineTools/usr/lib/clang/12.0.5 -dependency-file CMakeFiles/cmTC_c0da1.dir/CMakeCCompilerABI.c.o.d -skip-unused-modulemap-deps -MT CMakeFiles/cmTC_c0da1.dir/CMakeCCompilerABI.c.o -sys-header-deps -internal-isystem /usr/local/include -internal-isystem /Library/Developer/CommandLineTools/usr/lib/clang/12.0.5/include -internal-externc-isystem /usr/include -internal-externc-isystem /Library/Developer/CommandLineTools/usr/include -Wno-reorder-init-list -Wno-implicit-int-float-conversion -Wno-c99-designator -Wno-final-dtor-non-final-class -Wno-extra-semi-stmt -Wno-misleading-indentation -Wno-quoted-include-in-framework-header -Wno-implicit-fallthrough -Wno-enum-enum-conversion -Wno-enum-float-conversion -Wno-elaborated-enum-base -fdebug-compilation-dir /Users/yannbourdeau/src/litesql-src-0.3.18/CMakeFiles/CMakeTmp -ferror-limit 19 -stack-protector 1 -fstack-check -mdarwin-stkchk-strong-link -fblocks -fencode-extended-block-signature -fregister-global-dtors-with-atexit -fgnuc-version=4.2.1 -fmax-type-align=16 -fcommon -clang-vendor-feature=+disableNonDependentMemberExprInCurrentInstantiation -fno-odr-hash-protocols -mllvm -disable-aligned-alloc-awareness=1 -o CMakeFiles/cmTC_c0da1.dir/CMakeCCompilerABI.c.o -x c /usr/local/Cellar/cmake/3.20.2/share/cmake/Modules/CMakeCCompilerABI.c
clang -cc1 version 12.0.5 (clang-1205.0.22.9) default target x86_64-apple-darwin21.1.0
ignoring nonexistent directory "/usr/include"
#include "..." search starts here:
#include <...> search starts here:
 /usr/local/include
 /Library/Developer/CommandLineTools/usr/lib/clang/12.0.5/include
 /Library/Developer/CommandLineTools/usr/include
 /System/Library/Frameworks (framework directory)
 /Library/Frameworks (framework directory)
End of search list.
Linking C executable cmTC_c0da1
/usr/local/Cellar/cmake/3.20.2/bin/cmake -E cmake_link_script CMakeFiles/cmTC_c0da1.dir/link.txt --verbose=1
/Library/Developer/CommandLineTools/usr/bin/cc -Wl,-search_paths_first -Wl,-headerpad_max_install_names  -v -Wl,-v CMakeFiles/cmTC_c0da1.dir/CMakeCCompilerABI.c.o -o cmTC_c0da1 
Apple clang version 12.0.5 (clang-1205.0.22.9)
Target: x86_64-apple-darwin21.1.0
Thread model: posix
InstalledDir: /Library/Developer/CommandLineTools/usr/bin
 "/Library/Developer/CommandLineTools/usr/bin/ld" -demangle -lto_library /Library/Developer/CommandLineTools/usr/lib/libLTO.dylib -dynamic -arch x86_64 -platform_version macos 12.0.0 0.0.0 -o cmTC_c0da1 -search_paths_first -headerpad_max_install_names -v CMakeFiles/cmTC_c0da1.dir/CMakeCCompilerABI.c.o -lSystem /Library/Developer/CommandLineTools/usr/lib/clang/12.0.5/lib/darwin/libclang_rt.osx.a
@(#)PROGRAM:ld  PROJECT:ld64-650.9
BUILD 00:19:30 Mar 17 2021
configured to support archs: armv6 armv7 armv7s arm64 arm64e arm64_32 i386 x86_64 x86_64h armv6m armv7k armv7m armv7em
Library search paths:
	/usr/lib
	/usr/local/lib
Framework search paths:
	/Library/Frameworks/
	/System/Library/Frameworks/
ld: library not found for -lSystem
clang: error: linker command failed with exit code 1 (use -v to see invocation)
make[1]: *** [cmTC_c0da1] Error 1
make: *** [cmTC_c0da1/fast] Error 2




Determining if the C compiler works failed with the following output:
Change Dir: /Users/yannbourdeau/src/litesql-src-0.3.18/CMakeFiles/CMakeTmp

Run Build Command(s):/usr/bin/make -f Makefile cmTC_3777e/fast && /Library/Developer/CommandLineTools/usr/bin/make  -f CMakeFiles/cmTC_3777e.dir/build.make CMakeFiles/cmTC_3777e.dir/build
Building C object CMakeFiles/cmTC_3777e.dir/testCCompiler.c.o
/Library/Developer/CommandLineTools/usr/bin/cc    -MD -MT CMakeFiles/cmTC_3777e.dir/testCCompiler.c.o -MF CMakeFiles/cmTC_3777e.dir/testCCompiler.c.o.d -o CMakeFiles/cmTC_3777e.dir/testCCompiler.c.o -c /Users/yannbourdeau/src/litesql-src-0.3.18/CMakeFiles/CMakeTmp/testCCompiler.c
Linking C executable cmTC_3777e
/usr/local/Cellar/cmake/3.20.2/bin/cmake -E cmake_link_script CMakeFiles/cmTC_3777e.dir/link.txt --verbose=1
/Library/Developer/CommandLineTools/usr/bin/cc -Wl,-search_paths_first -Wl,-headerpad_max_install_names CMakeFiles/cmTC_3777e.dir/testCCompiler.c.o -o cmTC_3777e 
ld: library not found for -lSystem
clang: error: linker command failed with exit code 1 (use -v to see invocation)
make[1]: *** [cmTC_3777e] Error 1
make: *** [cmTC_3777e/fast] Error 2



Compiling the C compiler identification source file "CMakeCCompilerId.c" failed.
Compiler: /Library/Developer/CommandLineTools/usr/bin/cc 
Build flags: 
Id flags:  

The output was:
1
ld: library not found for -lSystem
clang: error: linker command failed with exit code 1 (use -v to see invocation)


Detecting C compiler ABI info failed to compile with the following output:
Change Dir: /Users/yannbourdeau/src/litesql-src-0.3.18/CMakeFiles/CMakeTmp

Run Build Command(s):/usr/bin/make -f Makefile cmTC_ea25d/fast && /Library/Developer/CommandLineTools/usr/bin/make  -f CMakeFiles/cmTC_ea25d.dir/build.make CMakeFiles/cmTC_ea25d.dir/build
Building C object CMakeFiles/cmTC_ea25d.dir/CMakeCCompilerABI.c.o
/Library/Developer/CommandLineTools/usr/bin/cc   -v -Wl,-v -MD -MT CMakeFiles/cmTC_ea25d.dir/CMakeCCompilerABI.c.o -MF CMakeFiles/cmTC_ea25d.dir/CMakeCCompilerABI.c.o.d -o CMakeFiles/cmTC_ea25d.dir/CMakeCCompilerABI.c.o -c /usr/local/Cellar/cmake/3.20.2/share/cmake/Modules/CMakeCCompilerABI.c
Apple clang version 12.0.5 (clang-1205.0.22.9)
Target: x86_64-apple-darwin21.1.0
Thread model: posix
InstalledDir: /Library/Developer/CommandLineTools/usr/bin
clang: warning: -Wl,-v: 'linker' input unused [-Wunused-command-line-argument]
 "/Library/Developer/CommandLineTools/usr/bin/clang" -cc1 -triple x86_64-apple-macosx12.0.0 -Wdeprecated-objc-isa-usage -Werror=deprecated-objc-isa-usage -Werror=implicit-function-declaration -emit-obj -mrelax-all -disable-free -disable-llvm-verifier -discard-value-names -main-file-name CMakeCCompilerABI.c -mrelocation-model pic -pic-level 2 -mframe-pointer=all -fno-strict-return -fno-rounding-math -munwind-tables -fcompatibility-qualified-id-block-type-checking -fvisibility-inlines-hidden-static-local-var -target-cpu penryn -debugger-tuning=lldb -target-linker-version 650.9 -v -resource-dir /Library/Developer/CommandLineTools/usr/lib/clang/12.0.5 -dependency-file CMakeFiles/cmTC_ea25d.dir/CMakeCCompilerABI.c.o.d -skip-unused-modulemap-deps -MT CMakeFiles/cmTC_ea25d.dir/CMakeCCompilerABI.c.o -sys-header-deps -internal-isystem /usr/local/include -internal-isystem /Library/Developer/CommandLineTools/usr/lib/clang/12.0.5/include -internal-externc-isystem /usr/include -internal-externc-isystem /Library/Developer/CommandLineTools/usr/include -Wno-reorder-init-list -Wno-implicit-int-float-conversion -Wno-c99-designator -Wno-final-dtor-non-final-class -Wno-extra-semi-stmt -Wno-misleading-indentation -Wno-quoted-include-in-framework-header -Wno-implicit-fallthrough -Wno-enum-enum-conversion -Wno-enum-float-conversion -Wno-elaborated-enum-base -fdebug-compilation-dir /Users/yannbourdeau/src/litesql-src-0.3.18/CMakeFiles/CMakeTmp -ferror-limit 19 -stack-protector 1 -fstack-check -mdarwin-stkchk-strong-link -fblocks -fencode-extended-block-signature -fregister-global-dtors-with-atexit -fgnuc-version=4.2.1 -fmax-type-align=16 -fcommon -clang-vendor-feature=+disableNonDependentMemberExprInCurrentInstantiation -fno-odr-hash-protocols -mllvm -disable-aligned-alloc-awareness=1 -o CMakeFiles/cmTC_ea25d.dir/CMakeCCompilerABI.c.o -x c /usr/local/Cellar/cmake/3.20.2/share/cmake/Modules/CMakeCCompilerABI.c
clang -cc1 version 12.0.5 (clang-1205.0.22.9) default target x86_64-apple-darwin21.1.0
ignoring nonexistent directory "/usr/include"
#include "..." search starts here:
#include <...> search starts here:
 /usr/local/include
 /Library/Developer/CommandLineTools/usr/lib/clang/12.0.5/include
 /Library/Developer/CommandLineTools/usr/include
 /System/Library/Frameworks (framework directory)
 /Library/Frameworks (framework directory)
End of search list.
Linking C executable cmTC_ea25d
/usr/local/Cellar/cmake/3.20.2/bin/cmake -E cmake_link_script CMakeFiles/cmTC_ea25d.dir/link.txt --verbose=1
/Library/Developer/CommandLineTools/usr/bin/cc -Wl,-search_paths_first -Wl,-headerpad_max_install_names  -v -Wl,-v CMakeFiles/cmTC_ea25d.dir/CMakeCCompilerABI.c.o -o cmTC_ea25d 
Apple clang version 12.0.5 (clang-1205.0.22.9)
Target: x86_64-apple-darwin21.1.0
Thread model: posix
InstalledDir: /Library/Developer/CommandLineTools/usr/bin
 "/Library/Developer/CommandLineTools/usr/bin/ld" -demangle -lto_library /Library/Developer/CommandLineTools/usr/lib/libLTO.dylib -dynamic -arch x86_64 -platform_version macos 12.0.0 0.0.0 -o cmTC_ea25d -search_paths_first -headerpad_max_install_names -v CMakeFiles/cmTC_ea25d.dir/CMakeCCompilerABI.c.o -lSystem /Library/Developer/CommandLineTools/usr/lib/clang/12.0.5/lib/darwin/libclang_rt.osx.a
@(#)PROGRAM:ld  PROJECT:ld64-650.9
BUILD 00:19:30 Mar 17 2021
configured to support archs: armv6 armv7 armv7s arm64 arm64e arm64_32 i386 x86_64 x86_64h armv6m armv7k armv7m armv7em
Library search paths:
	/usr/lib
	/usr/local/lib
Framework search paths:
	/Library/Frameworks/
	/System/Library/Frameworks/
ld: library not found for -lSystem
clang: error: linker command failed with exit code 1 (use -v to see invocation)
make[1]: *** [cmTC_ea25d] Error 1
make: *** [cmTC_ea25d/fast] Error 2




Determining if the C compiler works failed with the following output:
Change Dir: /Users/yannbourdeau/src/litesql-src-0.3.18/CMakeFiles/CMakeTmp

Run Build Command(s):/usr/bin/make -f Makefile cmTC_d2905/fast && /Library/Developer/CommandLineTools/usr/bin/make  -f CMakeFiles/cmTC_d2905.dir/build.make CMakeFiles/cmTC_d2905.dir/build
Building C object CMakeFiles/cmTC_d2905.dir/testCCompiler.c.o
/Library/Developer/CommandLineTools/usr/bin/cc    -MD -MT CMakeFiles/cmTC_d2905.dir/testCCompiler.c.o -MF CMakeFiles/cmTC_d2905.dir/testCCompiler.c.o.d -o CMakeFiles/cmTC_d2905.dir/testCCompiler.c.o -c /Users/yannbourdeau/src/litesql-src-0.3.18/CMakeFiles/CMakeTmp/testCCompiler.c
Linking C executable cmTC_d2905
/usr/local/Cellar/cmake/3.20.2/bin/cmake -E cmake_link_script CMakeFiles/cmTC_d2905.dir/link.txt --verbose=1
/Library/Developer/CommandLineTools/usr/bin/cc -Wl,-search_paths_first -Wl,-headerpad_max_install_names CMakeFiles/cmTC_d2905.dir/testCCompiler.c.o -o cmTC_d2905 
ld: library not found for -lSystem
clang: error: linker command failed with exit code 1 (use -v to see invocation)
make[1]: *** [cmTC_d2905] Error 1
make: *** [cmTC_d2905/fast] Error 2



Compiling the C compiler identification source file "CMakeCCompilerId.c" failed.
Compiler: /Library/Developer/CommandLineTools/usr/bin/cc 
Build flags: 
Id flags:  

The output was:
1
ld: library not found for -lSystem
clang: error: linker command failed with exit code 1 (use -v to see invocation)


Detecting C compiler ABI info failed to compile with the following output:
Change Dir: /Users/yannbourdeau/src/litesql-src-0.3.18/CMakeFiles/CMakeTmp

Run Build Command(s):/usr/bin/make -f Makefile cmTC_88371/fast && /Library/Developer/CommandLineTools/usr/bin/make  -f CMakeFiles/cmTC_88371.dir/build.make CMakeFiles/cmTC_88371.dir/build
Building C object CMakeFiles/cmTC_88371.dir/CMakeCCompilerABI.c.o
/Library/Developer/CommandLineTools/usr/bin/cc   -v -Wl,-v -MD -MT CMakeFiles/cmTC_88371.dir/CMakeCCompilerABI.c.o -MF CMakeFiles/cmTC_88371.dir/CMakeCCompilerABI.c.o.d -o CMakeFiles/cmTC_88371.dir/CMakeCCompilerABI.c.o -c /usr/local/Cellar/cmake/3.20.2/share/cmake/Modules/CMakeCCompilerABI.c
Apple clang version 12.0.5 (clang-1205.0.22.9)
Target: x86_64-apple-darwin21.1.0
Thread model: posix
InstalledDir: /Library/Developer/CommandLineTools/usr/bin
clang: warning: -Wl,-v: 'linker' input unused [-Wunused-command-line-argument]
 "/Library/Developer/CommandLineTools/usr/bin/clang" -cc1 -triple x86_64-apple-macosx12.0.0 -Wdeprecated-objc-isa-usage -Werror=deprecated-objc-isa-usage -Werror=implicit-function-declaration -emit-obj -mrelax-all -disable-free -disable-llvm-verifier -discard-value-names -main-file-name CMakeCCompilerABI.c -mrelocation-model pic -pic-level 2 -mframe-pointer=all -fno-strict-return -fno-rounding-math -munwind-tables -fcompatibility-qualified-id-block-type-checking -fvisibility-inlines-hidden-static-local-var -target-cpu penryn -debugger-tuning=lldb -target-linker-version 650.9 -v -resource-dir /Library/Developer/CommandLineTools/usr/lib/clang/12.0.5 -dependency-file CMakeFiles/cmTC_88371.dir/CMakeCCompilerABI.c.o.d -skip-unused-modulemap-deps -MT CMakeFiles/cmTC_88371.dir/CMakeCCompilerABI.c.o -sys-header-deps -internal-isystem /usr/local/include -internal-isystem /Library/Developer/CommandLineTools/usr/lib/clang/12.0.5/include -internal-externc-isystem /usr/include -internal-externc-isystem /Library/Developer/CommandLineTools/usr/include -Wno-reorder-init-list -Wno-implicit-int-float-conversion -Wno-c99-designator -Wno-final-dtor-non-final-class -Wno-extra-semi-stmt -Wno-misleading-indentation -Wno-quoted-include-in-framework-header -Wno-implicit-fallthrough -Wno-enum-enum-conversion -Wno-enum-float-conversion -Wno-elaborated-enum-base -fdebug-compilation-dir /Users/yannbourdeau/src/litesql-src-0.3.18/CMakeFiles/CMakeTmp -ferror-limit 19 -stack-protector 1 -fstack-check -mdarwin-stkchk-strong-link -fblocks -fencode-extended-block-signature -fregister-global-dtors-with-atexit -fgnuc-version=4.2.1 -fmax-type-align=16 -fcommon -clang-vendor-feature=+disableNonDependentMemberExprInCurrentInstantiation -fno-odr-hash-protocols -mllvm -disable-aligned-alloc-awareness=1 -o CMakeFiles/cmTC_88371.dir/CMakeCCompilerABI.c.o -x c /usr/local/Cellar/cmake/3.20.2/share/cmake/Modules/CMakeCCompilerABI.c
clang -cc1 version 12.0.5 (clang-1205.0.22.9) default target x86_64-apple-darwin21.1.0
ignoring nonexistent directory "/usr/include"
#include "..." search starts here:
#include <...> search starts here:
 /usr/local/include
 /Library/Developer/CommandLineTools/usr/lib/clang/12.0.5/include
 /Library/Developer/CommandLineTools/usr/include
 /System/Library/Frameworks (framework directory)
 /Library/Frameworks (framework directory)
End of search list.
Linking C executable cmTC_88371
/usr/local/Cellar/cmake/3.20.2/bin/cmake -E cmake_link_script CMakeFiles/cmTC_88371.dir/link.txt --verbose=1
/Library/Developer/CommandLineTools/usr/bin/cc -Wl,-search_paths_first -Wl,-headerpad_max_install_names  -v -Wl,-v CMakeFiles/cmTC_88371.dir/CMakeCCompilerABI.c.o -o cmTC_88371 
Apple clang version 12.0.5 (clang-1205.0.22.9)
Target: x86_64-apple-darwin21.1.0
Thread model: posix
InstalledDir: /Library/Developer/CommandLineTools/usr/bin
 "/Library/Developer/CommandLineTools/usr/bin/ld" -demangle -lto_library /Library/Developer/CommandLineTools/usr/lib/libLTO.dylib -dynamic -arch x86_64 -platform_version macos 12.0.0 0.0.0 -o cmTC_88371 -search_paths_first -headerpad_max_install_names -v CMakeFiles/cmTC_88371.dir/CMakeCCompilerABI.c.o -lSystem /Library/Developer/CommandLineTools/usr/lib/clang/12.0.5/lib/darwin/libclang_rt.osx.a
@(#)PROGRAM:ld  PROJECT:ld64-650.9
BUILD 00:19:30 Mar 17 2021
configured to support archs: armv6 armv7 armv7s arm64 arm64e arm64_32 i386 x86_64 x86_64h armv6m armv7k armv7m armv7em
Library search paths:
	/usr/lib
	/usr/local/lib
Framework search paths:
	/Library/Frameworks/
	/System/Library/Frameworks/
ld: library not found for -lSystem
clang: error: linker command failed with exit code 1 (use -v to see invocation)
make[1]: *** [cmTC_88371] Error 1
make: *** [cmTC_88371/fast] Error 2




Determining if the C compiler works failed with the following output:
Change Dir: /Users/yannbourdeau/src/litesql-src-0.3.18/CMakeFiles/CMakeTmp

Run Build Command(s):/usr/bin/make -f Makefile cmTC_07546/fast && /Library/Developer/CommandLineTools/usr/bin/make  -f CMakeFiles/cmTC_07546.dir/build.make CMakeFiles/cmTC_07546.dir/build
Building C object CMakeFiles/cmTC_07546.dir/testCCompiler.c.o
/Library/Developer/CommandLineTools/usr/bin/cc    -MD -MT CMakeFiles/cmTC_07546.dir/testCCompiler.c.o -MF CMakeFiles/cmTC_07546.dir/testCCompiler.c.o.d -o CMakeFiles/cmTC_07546.dir/testCCompiler.c.o -c /Users/yannbourdeau/src/litesql-src-0.3.18/CMakeFiles/CMakeTmp/testCCompiler.c
Linking C executable cmTC_07546
/usr/local/Cellar/cmake/3.20.2/bin/cmake -E cmake_link_script CMakeFiles/cmTC_07546.dir/link.txt --verbose=1
/Library/Developer/CommandLineTools/usr/bin/cc -Wl,-search_paths_first -Wl,-headerpad_max_install_names CMakeFiles/cmTC_07546.dir/testCCompiler.c.o -o cmTC_07546 
ld: library not found for -lSystem
clang: error: linker command failed with exit code 1 (use -v to see invocation)
make[1]: *** [cmTC_07546] Error 1
make: *** [cmTC_07546/fast] Error 2



Compiling the C compiler identification source file "CMakeCCompilerId.c" failed.
Compiler: /Library/Developer/CommandLineTools/usr/bin/cc 
Build flags: 
Id flags:  

The output was:
1
ld: library not found for -lSystem
clang: error: linker command failed with exit code 1 (use -v to see invocation)


Compiling the CXX compiler identification source file "CMakeCXXCompilerId.cpp" failed.
Compiler: /Library/Developer/CommandLineTools/usr/bin/c++ 
Build flags: 
Id flags:  

The output was:
1
ld: library not found for -lc++
clang: error: linker command failed with exit code 1 (use -v to see invocation)


